## Supervisión 2026-05-06T19:20:52.762942Z

- Runner: ✅ OK
  - ctrader_signal_written: True
  - polymarket_enriched: True
  - polymarket_simulated: True
  - obsidian_updated: True
  - notes: polymarket run ok
- cTrader signal CSV: ✅ exists (age_s=0)
- Obsidian trading note: ✅ exists (age_s=0)
## Supervisión 2026-05-06T21:31:24.853846Z

- Runner: ✅ OK
  - ctrader_signal_written: True
  - polymarket_enriched: True
  - polymarket_simulated: True
  - obsidian_updated: True
  - notes: polymarket run ok
- cTrader signal CSV: ✅ exists (age_s=0)
- Obsidian trading note: ✅ exists (age_s=0)
## Supervisión 2026-05-07T05:51:34.624090Z

- Runner: ❌ ERROR
  - stderr: Traceback (most recent call last):
  File "/Volumes/Almacen/Desarrollo/bots-trading-autonomos/final_paper_runner.py", line 89, in <module>
    result = run()
  File "/Volumes/Almacen/Desarrollo/bots-trading-autonomos/final_paper_runner.py", line 29, in run
    write_ctrader_signal(
    ~~~~~~~~~~~~~~~~~~~~^
        output_csv=CTRADER_SIGNAL,
        ^^^^^^^^^^^^^^^^^^^^^^^^^^
    ...<2 lines>...
        interval='5m',
        ^^^^^^^^^^^^^^
    )
    ^
  File "/Volumes/Almacen/Desarrollo/bots-trading-autonomos/tradingview_bridge.py", line 91, in write_ctrader_signal
    signals = fetch_tv_signals([tv_exchange_symbol], screener=screener, interval=interval)
  File "/Volumes/Almacen/Desarrollo/
- cTrader signal CSV: ✅ exists (age_s=26)
- Obsidian trading note: ✅ exists (age_s=5788)
## Supervisión 2026-05-07T05:55:26.448107Z

- Runner: ❌ ERROR
  - stderr: Traceback (most recent call last):
  File "/Volumes/Almacen/Desarrollo/bots-trading-autonomos/final_paper_runner.py", line 89, in <module>
    result = run()
  File "/Volumes/Almacen/Desarrollo/bots-trading-autonomos/final_paper_runner.py", line 29, in run
    write_ctrader_signal(
    ~~~~~~~~~~~~~~~~~~~~^
        output_csv=CTRADER_SIGNAL,
        ^^^^^^^^^^^^^^^^^^^^^^^^^^
    ...<2 lines>...
        interval='5m',
        ^^^^^^^^^^^^^^
    )
    ^
  File "/Volumes/Almacen/Desarrollo/bots-trading-autonomos/tradingview_bridge.py", line 91, in write_ctrader_signal
    signals = fetch_tv_signals([tv_exchange_symbol], screener=screener, interval=interval)
  File "/Volumes/Almacen/Desarrollo/
- cTrader signal CSV: ✅ exists (age_s=258)
- Obsidian trading note: ✅ exists (age_s=6020)
## Supervisión 2026-05-07T05:56:41.810445Z

- Runner: ✅ OK
  - ctrader_signal_written: False
  - polymarket_enriched: True
  - polymarket_simulated: True
  - obsidian_updated: True
  - notes: ctrader signal failed (continuing): Expecting value: line 1 column 1 (char 0) | using cached enriched csv | polymarket run ok
- cTrader signal CSV: ✅ exists (age_s=70)
- Obsidian trading note: ✅ exists (age_s=0)
## Supervisión 2026-05-07T10:56:19.732636Z

- Runner: ✅ OK
  - ctrader_signal_written: True
  - polymarket_enriched: True
  - polymarket_simulated: True
  - obsidian_updated: True
  - notes: using cached enriched csv | polymarket run ok
- cTrader signal CSV: ✅ exists (age_s=0)
- Obsidian trading note: ✅ exists (age_s=0)
## Supervisión 2026-05-07T10:57:20.268161Z

- Runner: ✅ OK
  - ctrader_signal_written: True
  - polymarket_enriched: True
  - polymarket_simulated: True
  - obsidian_updated: True
  - notes: using cached enriched csv | polymarket run ok
- cTrader signal CSV: ✅ exists (age_s=0)
- Obsidian trading note: ✅ exists (age_s=0)
## Supervisión 2026-05-07T10:58:20.790373Z

- Runner: ✅ OK
  - ctrader_signal_written: True
  - polymarket_enriched: True
  - polymarket_simulated: True
  - obsidian_updated: True
  - notes: using cached enriched csv | polymarket run ok
- cTrader signal CSV: ✅ exists (age_s=0)
- Obsidian trading note: ✅ exists (age_s=0)
## Supervisión 2026-05-07T10:59:21.366711Z

- Runner: ✅ OK
  - ctrader_signal_written: True
  - polymarket_enriched: True
  - polymarket_simulated: True
  - obsidian_updated: True
  - notes: using cached enriched csv | polymarket run ok
- cTrader signal CSV: ✅ exists (age_s=0)
- Obsidian trading note: ✅ exists (age_s=0)
## Supervisión 2026-05-07T11:00:21.849174Z

- Runner: ✅ OK
  - ctrader_signal_written: True
  - polymarket_enriched: True
  - polymarket_simulated: True
  - obsidian_updated: True
  - notes: using cached enriched csv | polymarket run ok
- cTrader signal CSV: ✅ exists (age_s=0)
- Obsidian trading note: ✅ exists (age_s=0)
## Supervisión 2026-05-07T11:01:22.433472Z

- Runner: ✅ OK
  - ctrader_signal_written: True
  - polymarket_enriched: True
  - polymarket_simulated: True
  - obsidian_updated: True
  - notes: using cached enriched csv | polymarket run ok
- cTrader signal CSV: ✅ exists (age_s=0)
- Obsidian trading note: ✅ exists (age_s=0)
## Supervisión 2026-05-07T11:01:38.541523Z

- Runner: ✅ OK
  - ctrader_signal_written: True
  - polymarket_enriched: True
  - polymarket_simulated: True
  - obsidian_updated: True
  - notes: using cached enriched csv | polymarket run ok
- cTrader signal CSV: ✅ exists (age_s=0)
- Obsidian trading note: ✅ exists (age_s=0)
## Supervisión 2026-05-07T11:02:18.450984Z

- Runner: ✅ OK
  - ctrader_signal_written: True
  - polymarket_enriched: True
  - polymarket_simulated: True
  - obsidian_updated: True
  - notes: using cached enriched csv | polymarket run ok
- cTrader signal CSV: ✅ exists (age_s=0)
- Obsidian trading note: ✅ exists (age_s=0)
## Supervisión 2026-05-07T11:02:22.970048Z

- Runner: ✅ OK
  - ctrader_signal_written: True
  - polymarket_enriched: True
  - polymarket_simulated: True
  - obsidian_updated: True
  - notes: using cached enriched csv | polymarket run ok
- cTrader signal CSV: ✅ exists (age_s=0)
- Obsidian trading note: ✅ exists (age_s=0)
## Supervisión 2026-05-07T11:03:23.541156Z

- Runner: ✅ OK
  - ctrader_signal_written: True
  - polymarket_enriched: True
  - polymarket_simulated: True
  - obsidian_updated: True
  - notes: using cached enriched csv | polymarket run ok
- cTrader signal CSV: ✅ exists (age_s=0)
- Obsidian trading note: ✅ exists (age_s=0)
## Supervisión 2026-05-07T11:04:24.138300Z

- Runner: ✅ OK
  - ctrader_signal_written: True
  - polymarket_enriched: True
  - polymarket_simulated: True
  - obsidian_updated: True
  - notes: using cached enriched csv | polymarket run ok
- cTrader signal CSV: ✅ exists (age_s=0)
- Obsidian trading note: ✅ exists (age_s=0)
## Supervisión 2026-05-07T11:04:37.100634Z

- Runner: ✅ OK
  - ctrader_signal_written: True
  - polymarket_enriched: True
  - polymarket_simulated: True
  - obsidian_updated: True
  - notes: using cached enriched csv | polymarket run ok
- cTrader signal CSV: ✅ exists (age_s=0)
- Obsidian trading note: ✅ exists (age_s=0)
## Supervisión 2026-05-07T14:00:35.843518Z

- Runner: ✅ OK
  - ctrader_signal_written: True
  - polymarket_enriched: True
  - polymarket_simulated: True
  - obsidian_updated: True
  - notes: using cached enriched csv | polymarket run ok | portfolio run ok
- cTrader signal CSV: ✅ exists (age_s=10558)
- Obsidian trading note: ✅ exists (age_s=0)
## Supervisión 2026-05-07T16:00:27.821589Z

- Runner: ✅ OK
  - ctrader_signal_written: True
  - polymarket_enriched: True
  - polymarket_simulated: True
  - obsidian_updated: True
  - notes: using cached enriched csv | polymarket run ok | portfolio run ok
- cTrader signal CSV: ✅ exists (age_s=17750)
- Obsidian trading note: ✅ exists (age_s=0)
## Supervisión 2026-05-07T18:00:28.672124Z

- Runner: ✅ OK
  - ctrader_signal_written: True
  - polymarket_enriched: None
  - polymarket_simulated: None
  - obsidian_updated: None
  - notes: poly run ok | portfolio run ok | fabian run ok
- cTrader signal CSV: ✅ exists (age_s=24951)
- Obsidian trading note: ✅ exists (age_s=0)
## Supervisión 2026-05-07T20:00:27.594729Z

- Runner: ✅ OK
  - ctrader_signal_written: True
  - polymarket_enriched: None
  - polymarket_simulated: None
  - obsidian_updated: None
  - notes: poly run ok | portfolio run ok | fabian run ok | fabianpro run ok | turtle run ok | turtle parse failed
- cTrader signal CSV: ✅ exists (age_s=32150)
- Obsidian trading note: ✅ exists (age_s=0)
## Supervisión 2026-05-07T22:00:27.066914Z

- Runner: ✅ OK
  - ctrader_signal_written: True
  - polymarket_enriched: None
  - polymarket_simulated: None
  - obsidian_updated: None
  - notes: poly run ok | portfolio run ok | fabian run ok | fabianpro run ok | turtle run ok | turtle parse failed
- cTrader signal CSV: ✅ exists (age_s=39350)
- Obsidian trading note: ✅ exists (age_s=0)
## Supervisión 2026-05-08T00:00:27.141883Z

- Runner: ✅ OK
  - ctrader_signal_written: True
  - polymarket_enriched: None
  - polymarket_simulated: None
  - obsidian_updated: None
  - notes: poly run ok | portfolio run ok | fabian run ok | fabianpro run ok | turtle run ok | turtle parse failed
- cTrader signal CSV: ✅ exists (age_s=46550)
- Obsidian trading note: ✅ exists (age_s=0)
## Supervisión 2026-05-08T02:00:26.857638Z

- Runner: ✅ OK
  - ctrader_signal_written: True
  - polymarket_enriched: None
  - polymarket_simulated: None
  - obsidian_updated: None
  - notes: poly run ok | portfolio run ok | fabian run ok | fabianpro run ok | turtle run ok | turtle parse failed
- cTrader signal CSV: ✅ exists (age_s=53749)
- Obsidian trading note: ✅ exists (age_s=0)
## Supervisión 2026-05-08T04:00:27.156352Z

- Runner: ✅ OK
  - ctrader_signal_written: True
  - polymarket_enriched: None
  - polymarket_simulated: None
  - obsidian_updated: None
  - notes: poly run ok | portfolio run ok | fabian run ok | fabianpro run ok | turtle run ok | turtle parse failed
- cTrader signal CSV: ✅ exists (age_s=60950)
- Obsidian trading note: ✅ exists (age_s=0)
## Supervisión 2026-05-08T06:00:36.007542Z

- Runner: ✅ OK
  - ctrader_signal_written: True
  - polymarket_enriched: None
  - polymarket_simulated: None
  - obsidian_updated: None
  - notes: poly run ok | portfolio run ok | fabian run ok | fabianpro run ok | turtle run ok | turtle parse failed
- cTrader signal CSV: ✅ exists (age_s=68159)
- Obsidian trading note: ✅ exists (age_s=0)
## Supervisión 2026-05-08T08:00:20.555881Z

- Runner: ✅ OK
  - ctrader_signal_written: True
  - polymarket_enriched: None
  - polymarket_simulated: None
  - obsidian_updated: None
  - notes: poly run ok | portfolio run ok | fabian run ok | fabianpro run ok | turtle run ok | turtle parse failed
- cTrader signal CSV: ✅ exists (age_s=75343)
- Obsidian trading note: ✅ exists (age_s=0)
## Supervisión 2026-05-08T10:05:55.478557Z

- Runner: ✅ OK
  - ctrader_signal_written: True
  - polymarket_enriched: None
  - polymarket_simulated: None
  - obsidian_updated: None
  - notes: poly failed: Traceback (most recent call last):
  File "/Users/mimo13/bots-trading-autonomos-runtime/polymarket_paper_bot.py", line 516, in <module>
    main()
    | portfolio failed: Traceback (most recent call last):
  File "/Users/mimo13/bots-trading-autonomos-runtime/polymarket_portfolio_bot.py", line 468, in <module>
    main() | fabian failed: Traceback (most recent call last):
  File "/Users/mimo13/bots-trading-autonomos-runtime/fabian_pullback_bot.py", line 660, in <module>
    main()
     | fabianpro failed: Traceback (most recent call last):
  File "/Users/mimo13/bots-trading-autonomos-runtime/fabian_pro_bot.py", line 566, in <module>
    main()
    ~~~~^ | turtle run ok | turtle parse failed
- cTrader signal CSV: ✅ exists (age_s=82880)
- Obsidian trading note: ✅ exists (age_s=0)
## Supervisión 2026-05-08T10:05:55.478554Z

- Runner: ✅ OK
  - ctrader_signal_written: True
  - polymarket_enriched: None
  - polymarket_simulated: None
  - obsidian_updated: None
  - notes: poly run ok | portfolio run ok | fabian run ok | fabianpro run ok | turtle run ok | turtle parse failed
- cTrader signal CSV: ✅ exists (age_s=82880)
- Obsidian trading note: ✅ exists (age_s=0)
## Supervisión 2026-05-11T18:01:43.201445Z

- Runner: ✅ OK
  - ctrader_signal_written: True
  - polymarket_enriched: None
  - polymarket_simulated: None
  - obsidian_updated: None
  - notes: feed SOLUSDT: ok | feed XRPUSDT: ok | feed BNBUSDC: ok | feed ADAUSDT: ok | feed DOGEUSDT: ok | feed BTCUSDT: ok | poly run ok | pfolio run ok | pfolio parse failed | fabian_spot_long run ok | fabianpro run ok | sol_pb run ok | sol_pb parse failed | xrp_grid run ok | xrp_grid parse failed | bnb_spot_long run ok | bnb_grid run ok | bnb_grid parse failed | grid advisor started | mtfreg run ok | boxbr run ok | scalp run ok
- cTrader signal CSV: ✅ exists (age_s=2)
- Obsidian trading note: ✅ exists (age_s=121570)
## Supervisión 2026-05-12T00:15:06.181322Z

- Runner: ✅ OK
  - ctrader_signal_written: True
  - polymarket_enriched: None
  - polymarket_simulated: None
  - obsidian_updated: None
  - notes: feed SOLUSDT: ok | feed XRPUSDT: ok | feed BNBUSDC: ok | feed ADAUSDT: ok | feed DOGEUSDT: ok | feed BTCUSDT: ok | poly run ok | pfolio run ok | pfolio parse failed | fabian_spot_long run ok | fabianpro run ok | sol_pb run ok | sol_pb parse failed | xrp_grid run ok | xrp_grid parse failed | bnb_spot_long run ok | bnb_grid run ok | bnb_grid parse failed | grid advisor started | mtfreg run ok | boxbr run ok | scalp run ok
- cTrader signal CSV: ✅ exists (age_s=2)
- Obsidian trading note: ✅ exists (age_s=143973)
## Supervisión 2026-05-12T04:04:45.662430Z

- Runner: ✅ OK
  - ctrader_signal_written: True
  - polymarket_enriched: None
  - polymarket_simulated: None
  - obsidian_updated: None
  - notes: feed SOLUSDT: ok | feed XRPUSDT: ok | feed BNBUSDC: ok | feed ADAUSDT: ok | feed DOGEUSDT: ok | feed BTCUSDT: ok | poly run ok | pfolio run ok | pfolio parse failed | fabian_spot_long run ok | fabianpro run ok | sol_pb run ok | sol_pb parse failed | xrp_grid run ok | xrp_grid parse failed | bnb_spot_long run ok | bnb_grid run ok | bnb_grid parse failed | grid advisor started | mtfreg run ok | boxbr run ok | scalp run ok
- cTrader signal CSV: ✅ exists (age_s=2)
- Obsidian trading note: ✅ exists (age_s=157753)
## Supervisión 2026-05-12T04:05:14.982601Z

- Runner: ✅ OK
  - ctrader_signal_written: True
  - polymarket_enriched: None
  - polymarket_simulated: None
  - obsidian_updated: None
  - notes: feed SOLUSDT: ok | feed XRPUSDT: ok | feed BNBUSDC: ok | feed ADAUSDT: ok | feed DOGEUSDT: ok | feed BTCUSDT: ok | poly run ok | pfolio run ok | pfolio parse failed | fabian_spot_long run ok | fabianpro run ok | sol_pb run ok | sol_pb parse failed | xrp_grid run ok | xrp_grid parse failed | bnb_spot_long run ok | bnb_grid run ok | bnb_grid parse failed | grid advisor started | mtfreg run ok | boxbr run ok | scalp run ok
- cTrader signal CSV: ✅ exists (age_s=2)
- Obsidian trading note: ✅ exists (age_s=157782)
## Supervisión 2026-05-12T06:05:23.285947Z

- Runner: ✅ OK
  - ctrader_signal_written: True
  - polymarket_enriched: None
  - polymarket_simulated: None
  - obsidian_updated: None
  - notes: feed SOLUSDT: ok | feed XRPUSDT: ok | feed BNBUSDC: ok | feed ADAUSDT: ok | feed DOGEUSDT: ok | feed BTCUSDT: ok | poly run ok | pfolio run ok | pfolio parse failed | fabian_spot_long run ok | fabianpro run ok | sol_pb run ok | sol_pb parse failed | xrp_grid run ok | xrp_grid parse failed | bnb_spot_long run ok | bnb_grid run ok | bnb_grid parse failed | grid advisor started | mtfreg run ok | boxbr run ok | scalp run ok
- cTrader signal CSV: ✅ exists (age_s=3)
- Obsidian trading note: ✅ exists (age_s=164991)
## Supervisión 2026-05-12T08:06:14.754523Z

- Runner: ✅ OK
  - ctrader_signal_written: True
  - polymarket_enriched: None
  - polymarket_simulated: None
  - obsidian_updated: None
  - notes: feed SOLUSDT: ok | feed XRPUSDT: ok | feed BNBUSDC: ok | feed ADAUSDT: ok | feed DOGEUSDT: ok | feed BTCUSDT: ok | poly run ok | pfolio run ok | pfolio parse failed | fabian_spot_long run ok | fabianpro run ok | sol_pb run ok | sol_pb parse failed | xrp_grid run ok | xrp_grid parse failed | bnb_spot_long run ok | bnb_grid run ok | bnb_grid parse failed | grid advisor started | mtfreg run ok | boxbr run ok | scalp run ok
- cTrader signal CSV: ✅ exists (age_s=3)
- Obsidian trading note: ✅ exists (age_s=172242)
## Supervisión 2026-05-12T12:05:42.940414Z

- Runner: ✅ OK
  - ctrader_signal_written: True
  - polymarket_enriched: None
  - polymarket_simulated: None
  - obsidian_updated: None
  - notes: feed SOLUSDT: ok | feed XRPUSDT: ok | feed BNBUSDC: ok | feed ADAUSDT: ok | feed DOGEUSDT: ok | feed BTCUSDT: ok | poly run ok | pfolio run ok | pfolio parse failed | fabian_spot_long run ok | fabianpro run ok | sol_pb run ok | sol_pb parse failed | xrp_grid run ok | xrp_grid parse failed | bnb_spot_long run ok | bnb_grid run ok | bnb_grid parse failed | grid advisor started | mtfreg run ok | boxbr run ok | scalp run ok
- cTrader signal CSV: ✅ exists (age_s=3)
- Obsidian trading note: ✅ exists (age_s=186610)
## Supervisión 2026-05-12T14:01:29.900191Z

- Runner: ✅ OK
  - ctrader_signal_written: True
  - polymarket_enriched: None
  - polymarket_simulated: None
  - obsidian_updated: None
  - notes: feed SOLUSDT: ok | feed XRPUSDT: ok | feed BNBUSDC: ok | feed ADAUSDT: ok | feed DOGEUSDT: ok | feed BTCUSDT: ok | poly run ok | pfolio run ok | pfolio parse failed | fabian_spot_long run ok | fabianpro run ok | sol_pb run ok | sol_pb parse failed | xrp_grid run ok | xrp_grid parse failed | bnb_spot_long run ok | bnb_grid run ok | bnb_grid parse failed | grid advisor started | mtfreg run ok | boxbr run ok | scalp run ok
- cTrader signal CSV: ✅ exists (age_s=3)
- Obsidian trading note: ✅ exists (age_s=193557)
## Supervisión 2026-05-12T16:08:32.578269Z

- Runner: ✅ OK
  - ctrader_signal_written: True
  - polymarket_enriched: None
  - polymarket_simulated: None
  - obsidian_updated: None
  - notes: feed SOLUSDT: ok | feed XRPUSDT: ok | feed BNBUSDC: ok | feed ADAUSDT: ok | feed DOGEUSDT: ok | feed BTCUSDT: ok | poly run ok | pfolio run ok | pfolio parse failed | fabian_spot_long run ok | fabianpro run ok | sol_pb run ok | sol_pb parse failed | xrp_grid run ok | xrp_grid parse failed | bnb_spot_long run ok | bnb_grid run ok | bnb_grid parse failed | grid advisor started | mtfreg run ok | boxbr run ok | scalp run ok
- cTrader signal CSV: ✅ exists (age_s=4)
- Obsidian trading note: ✅ exists (age_s=201181)
## Supervisión 2026-05-13T00:03:51.887446Z

- Runner: ✅ OK
  - ctrader_signal_written: True
  - polymarket_enriched: None
  - polymarket_simulated: None
  - obsidian_updated: None
  - notes: feed SOLUSDT: ok | feed XRPUSDT: ok | feed BNBUSDC: ok | feed ADAUSDT: ok | feed DOGEUSDT: ok | feed BTCUSDT: ok | poly run ok | pfolio run ok | pfolio parse failed | fabian_spot_long run ok | fabianpro run ok | sol_pb run ok | sol_pb parse failed | xrp_grid run ok | xrp_grid parse failed | bnb_spot_long run ok | bnb_grid run ok | bnb_grid parse failed | grid advisor started | mtfreg run ok | boxbr run ok | scalp run ok
- cTrader signal CSV: ✅ exists (age_s=3)
- Obsidian trading note: ✅ exists (age_s=229699)
## Supervisión 2026-05-13T02:01:30.340636Z

- Runner: ✅ OK
  - ctrader_signal_written: True
  - polymarket_enriched: None
  - polymarket_simulated: None
  - obsidian_updated: None
  - notes: feed SOLUSDT: ok | feed XRPUSDT: ok | feed BNBUSDC: ok | feed ADAUSDT: ok | feed DOGEUSDT: ok | feed BTCUSDT: ok | poly run ok | pfolio run ok | pfolio parse failed | fabian_spot_long run ok | fabianpro run ok | sol_pb run ok | sol_pb parse failed | xrp_grid run ok | xrp_grid parse failed | bnb_spot_long run ok | bnb_grid run ok | bnb_grid parse failed | grid advisor started | mtfreg run ok | boxbr run ok | scalp run ok
- cTrader signal CSV: ✅ exists (age_s=3)
- Obsidian trading note: ✅ exists (age_s=236757)
## Supervisión 2026-05-13T04:02:51.849195Z

- Runner: ✅ OK
  - ctrader_signal_written: True
  - polymarket_enriched: None
  - polymarket_simulated: None
  - obsidian_updated: None
  - notes: feed SOLUSDT: ok | feed XRPUSDT: ok | feed BNBUSDC: ok | feed ADAUSDT: ok | feed DOGEUSDT: ok | feed BTCUSDT: ok | poly run ok | pfolio run ok | pfolio parse failed | fabian_spot_long run ok | fabianpro run ok | sol_pb run ok | sol_pb parse failed | xrp_grid run ok | xrp_grid parse failed | bnb_spot_long run ok | bnb_grid run ok | bnb_grid parse failed | grid advisor started | mtfreg run ok | boxbr run ok | scalp run ok
- cTrader signal CSV: ✅ exists (age_s=3)
- Obsidian trading note: ✅ exists (age_s=244039)
## Supervisión 2026-05-13T04:04:32.170504Z

- Runner: ✅ OK
  - ctrader_signal_written: True
  - polymarket_enriched: None
  - polymarket_simulated: None
  - obsidian_updated: None
  - notes: feed SOLUSDT: ok | feed XRPUSDT: ok | feed BNBUSDC: ok | feed ADAUSDT: ok | feed DOGEUSDT: ok | feed BTCUSDT: ok | poly run ok | pfolio run ok | pfolio parse failed | fabian_spot_long run ok | fabianpro run ok | sol_pb run ok | sol_pb parse failed | xrp_grid run ok | xrp_grid parse failed | bnb_spot_long run ok | bnb_grid run ok | bnb_grid parse failed | grid advisor started | mtfreg run ok | boxbr run ok | scalp run ok
- cTrader signal CSV: ✅ exists (age_s=2)
- Obsidian trading note: ✅ exists (age_s=244139)
